SF:/Users/ibrahimbadushakk/workspace/mine/chat_room/client/src/server_fns.js
FN:3,requestPhoneNo
FN:16,getServerAddress
FNDA:1,requestPhoneNo
FNDA:2,getServerAddress
FNF:2
FNH:2
BRDA:21,2,0,1
BRF:1
BRH:1
DA:1,1
DA:2,1
DA:3,1
DA:4,2
DA:5,2
DA:6,2
DA:7,2
DA:8,2
DA:9,1
DA:10,2
DA:11,1
DA:12,2
DA:13,2
DA:14,1
DA:15,1
DA:16,1
DA:17,3
DA:18,1
DA:19,3
DA:20,3
DA:21,3
DA:22,4
DA:23,4
DA:24,4
DA:25,4
DA:26,1
DA:27,4
DA:28,4
DA:29,1
DA:30,4
DA:31,6
DA:32,4
DA:33,1
DA:34,4
DA:35,1
DA:36,1
LH:36
LF:36
end_of_record
